This file contains any messages produced by compilers while
running configure, to aid debugging if configure makes a mistake.

It was created by PROJ configure 7.2.1, which was
generated by GNU Autoconf 2.69.  Invocation command line was

  $ ./configure CFLAGS=-fPIC --prefix=/usr/local --enable-tiff=no

## --------- ##
## Platform. ##
## --------- ##

hostname = Mikes-Mac-mini
uname -m = x86_64
uname -r = 19.6.0
uname -s = Darwin
uname -v = Darwin Kernel Version 19.6.0: Thu Oct 29 22:56:45 PDT 2020; root:xnu-6153.141.2.2~1/RELEASE_X86_64

/usr/bin/uname -p = i386
/bin/uname -X     = unknown

/bin/arch              = unknown
/usr/bin/arch -k       = unknown
/usr/convex/getsysinfo = unknown
/usr/bin/hostinfo      = Mach kernel version:
	 Darwin Kernel Version 19.6.0: Thu Oct 29 22:56:45 PDT 2020; root:xnu-6153.141.2.2~1/RELEASE_X86_64
Kernel configured for up to 8 processors.
4 processors are physically available.
8 processors are logically available.
Processor type: i486 (Intel 80486)
Processors active: 0 1 2 3 4 5 6 7
Primary memory available: 8.00 gigabytes
Default processor set: 346 tasks, 1456 threads, 8 processors
Load average: 1.90, Mach factor: 6.09
/bin/machine           = unknown
/usr/bin/oslevel       = unknown
/bin/universe          = unknown

PATH: /usr/local/Cellar/sqlite
PATH: /usr/local/bin
PATH: /usr/bin
PATH: /bin
PATH: /usr/sbin
PATH: /sbin
PATH: /Library/Apple/usr/bin


## ----------- ##
## Core tests. ##
## ----------- ##

configure:2409: checking for a BSD-compatible install
configure:2477: result: /usr/bin/install -c
configure:2488: checking whether build environment is sane
configure:2543: result: yes
configure:2689: checking for a thread-safe mkdir -p
configure:2728: result: ./install-sh -c -d
configure:2735: checking for gawk
configure:2765: result: no
configure:2735: checking for mawk
configure:2765: result: no
configure:2735: checking for nawk
configure:2765: result: no
configure:2735: checking for awk
configure:2751: found /usr/bin/awk
configure:2762: result: awk
configure:2773: checking whether make sets $(MAKE)
configure:2795: result: yes
configure:2824: checking whether make supports nested variables
configure:2841: result: yes
configure:3018: checking for gcc
configure:3034: found /usr/bin/gcc
configure:3045: result: gcc
configure:3274: checking for C compiler version
configure:3283: gcc --version >&5
Apple clang version 12.0.0 (clang-1200.0.32.28)
Target: x86_64-apple-darwin19.6.0
Thread model: posix
InstalledDir: /Applications/Xcode.app/Contents/Developer/Toolchains/XcodeDefault.xctoolchain/usr/bin
Configured with: --prefix=/Applications/Xcode.app/Contents/Developer/usr --with-gxx-include-dir=/Library/Developer/CommandLineTools/SDKs/MacOSX10.15.sdk/usr/include/c++/4.2.1
configure:3294: $? = 0
configure:3283: gcc -v >&5
Configured with: --prefix=/Applications/Xcode.app/Contents/Developer/usr --with-gxx-include-dir=/Library/Developer/CommandLineTools/SDKs/MacOSX10.15.sdk/usr/include/c++/4.2.1
Apple clang version 12.0.0 (clang-1200.0.32.28)
Target: x86_64-apple-darwin19.6.0
Thread model: posix
InstalledDir: /Applications/Xcode.app/Contents/Developer/Toolchains/XcodeDefault.xctoolchain/usr/bin
configure:3294: $? = 0
configure:3283: gcc -V >&5
clang: error: argument to '-V' is missing (expected 1 value)
clang: error: no input files
configure:3294: $? = 1
configure:3283: gcc -qversion >&5
clang: error: unknown argument '-qversion'; did you mean '--version'?
clang: error: no input files
configure:3294: $? = 1
configure:3314: checking whether the C compiler works
configure:3336: gcc -fPIC   conftest.c  >&5
configure:3340: $? = 0
configure:3388: result: yes
configure:3391: checking for C compiler default output file name
configure:3393: result: a.out
configure:3399: checking for suffix of executables
configure:3406: gcc -o conftest -fPIC   conftest.c  >&5
configure:3410: $? = 0
configure:3432: result: 
configure:3454: checking whether we are cross compiling
configure:3462: gcc -o conftest -fPIC   conftest.c  >&5
configure:3466: $? = 0
configure:3473: ./conftest
configure:3477: $? = 0
configure:3492: result: no
configure:3497: checking for suffix of object files
configure:3519: gcc -c -fPIC  conftest.c >&5
configure:3523: $? = 0
configure:3544: result: o
configure:3548: checking whether we are using the GNU C compiler
configure:3567: gcc -c -fPIC  conftest.c >&5
configure:3567: $? = 0
configure:3576: result: yes
configure:3585: checking whether gcc accepts -g
configure:3605: gcc -c -g  conftest.c >&5
configure:3605: $? = 0
configure:3646: result: yes
configure:3663: checking for gcc option to accept ISO C89
configure:3726: gcc  -c -fPIC  conftest.c >&5
configure:3726: $? = 0
configure:3739: result: none needed
configure:3764: checking whether gcc understands -c and -o together
configure:3786: gcc -c conftest.c -o conftest2.o
configure:3789: $? = 0
configure:3786: gcc -c conftest.c -o conftest2.o
configure:3789: $? = 0
configure:3801: result: yes
configure:3821: checking whether make supports the include directive
configure:3836: make -f confmf.GNU && cat confinc.out
this is the am__doit target
configure:3839: $? = 0
configure:3858: result: yes (GNU style)
configure:3883: checking dependency style of gcc
configure:3994: result: gcc3
configure:4009: checking for gcc option to accept ISO C99
configure:4158: gcc  -c -fPIC  conftest.c >&5
configure:4158: $? = 0
configure:4171: result: none needed
configure:4244: checking for g++
configure:4260: found /usr/bin/g++
configure:4271: result: g++
configure:4298: checking for C++ compiler version
configure:4307: g++ --version >&5
Apple clang version 12.0.0 (clang-1200.0.32.28)
Target: x86_64-apple-darwin19.6.0
Thread model: posix
InstalledDir: /Applications/Xcode.app/Contents/Developer/Toolchains/XcodeDefault.xctoolchain/usr/bin
Configured with: --prefix=/Applications/Xcode.app/Contents/Developer/usr --with-gxx-include-dir=/Library/Developer/CommandLineTools/SDKs/MacOSX10.15.sdk/usr/include/c++/4.2.1
configure:4318: $? = 0
configure:4307: g++ -v >&5
Configured with: --prefix=/Applications/Xcode.app/Contents/Developer/usr --with-gxx-include-dir=/Library/Developer/CommandLineTools/SDKs/MacOSX10.15.sdk/usr/include/c++/4.2.1
Apple clang version 12.0.0 (clang-1200.0.32.28)
Target: x86_64-apple-darwin19.6.0
Thread model: posix
InstalledDir: /Applications/Xcode.app/Contents/Developer/Toolchains/XcodeDefault.xctoolchain/usr/bin
configure:4318: $? = 0
configure:4307: g++ -V >&5
clang: error: argument to '-V' is missing (expected 1 value)
clang: error: no input files
configure:4318: $? = 1
configure:4307: g++ -qversion >&5
clang: error: unknown argument '-qversion'; did you mean '--version'?
clang: error: no input files
configure:4318: $? = 1
configure:4322: checking whether we are using the GNU C++ compiler
configure:4341: g++ -c   conftest.cpp >&5
configure:4341: $? = 0
configure:4350: result: yes
configure:4359: checking whether g++ accepts -g
configure:4379: g++ -c -g  conftest.cpp >&5
configure:4379: $? = 0
configure:4420: result: yes
configure:4445: checking dependency style of g++
configure:4556: result: gcc3
configure:4579: checking whether g++ supports C++11 features by default
configure:4873: g++ -c -g -O2  conftest.cpp >&5
conftest.cpp:22:2: error: "This is not a C++11 compiler"
#error "This is not a C++11 compiler"
 ^
1 error generated.
configure:4873: $? = 1
configure: failed program was:
| /* confdefs.h */
| #define PACKAGE_NAME "PROJ"
| #define PACKAGE_TARNAME "proj"
| #define PACKAGE_VERSION "7.2.1"
| #define PACKAGE_STRING "PROJ 7.2.1"
| #define PACKAGE_BUGREPORT "https://github.com/OSGeo/PROJ/issues"
| #define PACKAGE_URL "https://proj.org"
| #define PACKAGE "proj"
| #define VERSION "7.2.1"
| /* end confdefs.h.  */
| 
| 
| // If the compiler admits that it is not ready for C++11, why torture it?
| // Hopefully, this will speed up the test.
| 
| #ifndef __cplusplus
| 
| #error "This is not a C++ compiler"
| 
| #elif __cplusplus < 201103L
| 
| #error "This is not a C++11 compiler"
| 
| #else
| 
| namespace cxx11
| {
| 
|   namespace test_static_assert
|   {
| 
|     template <typename T>
|     struct check
|     {
|       static_assert(sizeof(int) <= sizeof(T), "not big enough");
|     };
| 
|   }
| 
|   namespace test_final_override
|   {
| 
|     struct Base
|     {
|       virtual void f() {}
|     };
| 
|     struct Derived : public Base
|     {
|       virtual void f() override {}
|     };
| 
|   }
| 
|   namespace test_double_right_angle_brackets
|   {
| 
|     template < typename T >
|     struct check {};
| 
|     typedef check<void> single_type;
|     typedef check<check<void>> double_type;
|     typedef check<check<check<void>>> triple_type;
|     typedef check<check<check<check<void>>>> quadruple_type;
| 
|   }
| 
|   namespace test_decltype
|   {
| 
|     int
|     f()
|     {
|       int a = 1;
|       decltype(a) b = 2;
|       return a + b;
|     }
| 
|   }
| 
|   namespace test_type_deduction
|   {
| 
|     template < typename T1, typename T2 >
|     struct is_same
|     {
|       static const bool value = false;
|     };
| 
|     template < typename T >
|     struct is_same<T, T>
|     {
|       static const bool value = true;
|     };
| 
|     template < typename T1, typename T2 >
|     auto
|     add(T1 a1, T2 a2) -> decltype(a1 + a2)
|     {
|       return a1 + a2;
|     }
| 
|     int
|     test(const int c, volatile int v)
|     {
|       static_assert(is_same<int, decltype(0)>::value == true, "");
|       static_assert(is_same<int, decltype(c)>::value == false, "");
|       static_assert(is_same<int, decltype(v)>::value == false, "");
|       auto ac = c;
|       auto av = v;
|       auto sumi = ac + av + 'x';
|       auto sumf = ac + av + 1.0;
|       static_assert(is_same<int, decltype(ac)>::value == true, "");
|       static_assert(is_same<int, decltype(av)>::value == true, "");
|       static_assert(is_same<int, decltype(sumi)>::value == true, "");
|       static_assert(is_same<int, decltype(sumf)>::value == false, "");
|       static_assert(is_same<int, decltype(add(c, v))>::value == true, "");
|       return (sumf > 0.0) ? sumi : add(c, v);
|     }
| 
|   }
| 
|   namespace test_noexcept
|   {
| 
|     int f() { return 0; }
|     int g() noexcept { return 0; }
| 
|     static_assert(noexcept(f()) == false, "");
|     static_assert(noexcept(g()) == true, "");
| 
|   }
| 
|   namespace test_constexpr
|   {
| 
|     template < typename CharT >
|     unsigned long constexpr
|     strlen_c_r(const CharT *const s, const unsigned long acc) noexcept
|     {
|       return *s ? strlen_c_r(s + 1, acc + 1) : acc;
|     }
| 
|     template < typename CharT >
|     unsigned long constexpr
|     strlen_c(const CharT *const s) noexcept
|     {
|       return strlen_c_r(s, 0UL);
|     }
| 
|     static_assert(strlen_c("") == 0UL, "");
|     static_assert(strlen_c("1") == 1UL, "");
|     static_assert(strlen_c("example") == 7UL, "");
|     static_assert(strlen_c("another\0example") == 7UL, "");
| 
|   }
| 
|   namespace test_rvalue_references
|   {
| 
|     template < int N >
|     struct answer
|     {
|       static constexpr int value = N;
|     };
| 
|     answer<1> f(int&)       { return answer<1>(); }
|     answer<2> f(const int&) { return answer<2>(); }
|     answer<3> f(int&&)      { return answer<3>(); }
| 
|     void
|     test()
|     {
|       int i = 0;
|       const int c = 0;
|       static_assert(decltype(f(i))::value == 1, "");
|       static_assert(decltype(f(c))::value == 2, "");
|       static_assert(decltype(f(0))::value == 3, "");
|     }
| 
|   }
| 
|   namespace test_uniform_initialization
|   {
| 
|     struct test
|     {
|       static const int zero {};
|       static const int one {1};
|     };
| 
|     static_assert(test::zero == 0, "");
|     static_assert(test::one == 1, "");
| 
|   }
| 
|   namespace test_lambdas
|   {
| 
|     void
|     test1()
|     {
|       auto lambda1 = [](){};
|       auto lambda2 = lambda1;
|       lambda1();
|       lambda2();
|     }
| 
|     int
|     test2()
|     {
|       auto a = [](int i, int j){ return i + j; }(1, 2);
|       auto b = []() -> int { return '0'; }();
|       auto c = [=](){ return a + b; }();
|       auto d = [&](){ return c; }();
|       auto e = [a, &b](int x) mutable {
|         const auto identity = [](int y){ return y; };
|         for (auto i = 0; i < a; ++i)
|           a += b--;
|         return x + identity(a + b);
|       }(0);
|       return a + b + c + d + e;
|     }
| 
|     int
|     test3()
|     {
|       const auto nullary = [](){ return 0; };
|       const auto unary = [](int x){ return x; };
|       using nullary_t = decltype(nullary);
|       using unary_t = decltype(unary);
|       const auto higher1st = [](nullary_t f){ return f(); };
|       const auto higher2nd = [unary](nullary_t f1){
|         return [unary, f1](unary_t f2){ return f2(unary(f1())); };
|       };
|       return higher1st(nullary) + higher2nd(nullary)(unary);
|     }
| 
|   }
| 
|   namespace test_variadic_templates
|   {
| 
|     template <int...>
|     struct sum;
| 
|     template <int N0, int... N1toN>
|     struct sum<N0, N1toN...>
|     {
|       static constexpr auto value = N0 + sum<N1toN...>::value;
|     };
| 
|     template <>
|     struct sum<>
|     {
|       static constexpr auto value = 0;
|     };
| 
|     static_assert(sum<>::value == 0, "");
|     static_assert(sum<1>::value == 1, "");
|     static_assert(sum<23>::value == 23, "");
|     static_assert(sum<1, 2>::value == 3, "");
|     static_assert(sum<5, 5, 11>::value == 21, "");
|     static_assert(sum<2, 3, 5, 7, 11, 13>::value == 41, "");
| 
|   }
| 
|   // https://stackoverflow.com/q/13728184
|   // Clang 3.1 fails with headers of libstd++ 4.8.3 when using std::function
|   // because of this.
|   namespace test_template_alias_sfinae
|   {
| 
|     struct foo {};
| 
|     template<typename T>
|     using member = typename T::member_type;
| 
|     template<typename T>
|     void func(...) {}
| 
|     template<typename T>
|     void func(member<T>*) {}
| 
|     void test();
| 
|     void test() { func<foo>(0); }
| 
|   }
| 
| }  // namespace cxx11
| 
| #endif  // __cplusplus >= 201103L
| 
| 
| 
configure:4880: result: no
configure:4891: checking whether g++ supports C++11 features with -std=c++11
configure:5187: g++ -std=c++11 -c -g -O2  conftest.cpp >&5
configure:5187: $? = 0
configure:5196: result: yes
configure:5232: checking whether ln -s works
configure:5236: result: yes
configure:5243: checking whether make sets $(MAKE)
configure:5265: result: yes
configure:5303: checking build system type
configure:5317: result: x86_64-apple-darwin19.6.0
configure:5337: checking host system type
configure:5350: result: x86_64-apple-darwin19.6.0
configure:5391: checking how to print strings
configure:5418: result: printf
configure:5439: checking for a sed that does not truncate output
configure:5503: result: /usr/bin/sed
configure:5521: checking for grep that handles long lines and -e
configure:5579: result: /usr/bin/grep
configure:5584: checking for egrep
configure:5646: result: /usr/bin/grep -E
configure:5651: checking for fgrep
configure:5713: result: /usr/bin/grep -F
configure:5748: checking for ld used by gcc
configure:5815: result: /Applications/Xcode.app/Contents/Developer/Toolchains/XcodeDefault.xctoolchain/usr/bin/ld
configure:5822: checking if the linker (/Applications/Xcode.app/Contents/Developer/Toolchains/XcodeDefault.xctoolchain/usr/bin/ld) is GNU ld
configure:5837: result: no
configure:5849: checking for BSD- or MS-compatible name lister (nm)
configure:5903: result: /usr/bin/nm -B
configure:6033: checking the name lister (/usr/bin/nm -B) interface
configure:6040: gcc -c -fPIC  conftest.c >&5
configure:6043: /usr/bin/nm -B "conftest.o"
configure:6046: output
0000000000000000 S _some_variable
configure:6053: result: BSD nm
configure:6057: checking the maximum length of command line arguments
configure:6188: result: 196608
configure:6236: checking how to convert x86_64-apple-darwin19.6.0 file names to x86_64-apple-darwin19.6.0 format
configure:6276: result: func_convert_file_noop
configure:6283: checking how to convert x86_64-apple-darwin19.6.0 file names to toolchain format
configure:6303: result: func_convert_file_noop
configure:6310: checking for /Applications/Xcode.app/Contents/Developer/Toolchains/XcodeDefault.xctoolchain/usr/bin/ld option to reload object files
configure:6317: result: -r
configure:6391: checking for objdump
configure:6407: found /usr/bin/objdump
configure:6418: result: objdump
configure:6450: checking how to recognize dependent libraries
configure:6650: result: pass_all
configure:6735: checking for dlltool
configure:6765: result: no
configure:6795: checking how to associate runtime and link libraries
configure:6822: result: printf %s\n
configure:6883: checking for ar
configure:6899: found /usr/bin/ar
configure:6910: result: ar
configure:6947: checking for archiver @FILE support
configure:6964: gcc -c -fPIC  conftest.c >&5
configure:6964: $? = 0
configure:6967: ar cru libconftest.a @conftest.lst >&5
ar: @conftest.lst: No such file or directory
configure:6970: $? = 1
configure:6990: result: no
configure:7048: checking for strip
configure:7064: found /usr/bin/strip
configure:7075: result: strip
configure:7147: checking for ranlib
configure:7163: found /usr/bin/ranlib
configure:7174: result: ranlib
configure:7276: checking command to parse /usr/bin/nm -B output from gcc object
configure:7429: gcc -c -fPIC  conftest.c >&5
configure:7432: $? = 0
configure:7436: /usr/bin/nm -B conftest.o \| sed -n -e 's/^.*[ ]\([BCDEGRST][BCDEGRST]*\)[ ][ ]*\([_A-Za-z][_A-Za-z0-9]*\)$/\1 \2 \2/p' | sed '/ __gnu_lto/d' \> conftest.nm
configure:7439: $? = 0
cannot find nm_test_var in conftest.nm
configure:7429: gcc -c -fPIC  conftest.c >&5
configure:7432: $? = 0
configure:7436: /usr/bin/nm -B conftest.o \| sed -n -e 's/^.*[ ]\([BCDEGRST][BCDEGRST]*\)[ ][ ]*_\([_A-Za-z][_A-Za-z0-9]*\)$/\1 _\2 \2/p' | sed '/ __gnu_lto/d' \> conftest.nm
configure:7439: $? = 0
configure:7505: gcc -o conftest -fPIC   conftest.c conftstm.o >&5
configure:7508: $? = 0
configure:7546: result: ok
configure:7593: checking for sysroot
configure:7623: result: no
configure:7630: checking for a working dd
configure:7668: result: /bin/dd
configure:7672: checking how to truncate binary pipes
configure:7687: result: /bin/dd bs=4096 count=1
configure:8016: checking for mt
configure:8046: result: no
configure:8066: checking if : is a manifest tool
configure:8072: : '-?'
configure:8080: result: no
configure:8136: checking for dsymutil
configure:8152: found /usr/bin/dsymutil
configure:8163: result: dsymutil
configure:8228: checking for nmedit
configure:8244: found /usr/bin/nmedit
configure:8255: result: nmedit
configure:8320: checking for lipo
configure:8336: found /usr/bin/lipo
configure:8347: result: lipo
configure:8412: checking for otool
configure:8428: found /usr/bin/otool
configure:8439: result: otool
configure:8504: checking for otool64
configure:8534: result: no
configure:8579: checking for -single_module linker flag
gcc -fPIC  -o libconftest.dylib -dynamiclib -Wl,-single_module conftest.c
configure:8612: result: yes
configure:8615: checking for -exported_symbols_list linker flag
configure:8635: gcc -o conftest -fPIC   -Wl,-exported_symbols_list,conftest.sym conftest.c  >&5
configure:8635: $? = 0
configure:8645: result: yes
configure:8648: checking for -force_load linker flag
gcc -fPIC -c -o conftest.o conftest.c
ar cru libconftest.a conftest.o
ranlib libconftest.a
gcc -fPIC  -o conftest conftest.c -Wl,-force_load,./libconftest.a
configure:8680: result: yes
configure:8752: checking how to run the C preprocessor
configure:8783: gcc -E  conftest.c
configure:8783: $? = 0
configure:8797: gcc -E  conftest.c
conftest.c:12:10: fatal error: 'ac_nonexistent.h' file not found
#include <ac_nonexistent.h>
         ^~~~~~~~~~~~~~~~~~
1 error generated.
configure:8797: $? = 1
configure: failed program was:
| /* confdefs.h */
| #define PACKAGE_NAME "PROJ"
| #define PACKAGE_TARNAME "proj"
| #define PACKAGE_VERSION "7.2.1"
| #define PACKAGE_STRING "PROJ 7.2.1"
| #define PACKAGE_BUGREPORT "https://github.com/OSGeo/PROJ/issues"
| #define PACKAGE_URL "https://proj.org"
| #define PACKAGE "proj"
| #define VERSION "7.2.1"
| #define HAVE_CXX11 1
| /* end confdefs.h.  */
| #include <ac_nonexistent.h>
configure:8822: result: gcc -E
configure:8842: gcc -E  conftest.c
configure:8842: $? = 0
configure:8856: gcc -E  conftest.c
conftest.c:12:10: fatal error: 'ac_nonexistent.h' file not found
#include <ac_nonexistent.h>
         ^~~~~~~~~~~~~~~~~~
1 error generated.
configure:8856: $? = 1
configure: failed program was:
| /* confdefs.h */
| #define PACKAGE_NAME "PROJ"
| #define PACKAGE_TARNAME "proj"
| #define PACKAGE_VERSION "7.2.1"
| #define PACKAGE_STRING "PROJ 7.2.1"
| #define PACKAGE_BUGREPORT "https://github.com/OSGeo/PROJ/issues"
| #define PACKAGE_URL "https://proj.org"
| #define PACKAGE "proj"
| #define VERSION "7.2.1"
| #define HAVE_CXX11 1
| /* end confdefs.h.  */
| #include <ac_nonexistent.h>
configure:8885: checking for ANSI C header files
configure:8905: gcc -c -fPIC  conftest.c >&5
configure:8905: $? = 0
configure:8978: gcc -o conftest -fPIC   conftest.c  >&5
configure:8978: $? = 0
configure:8978: ./conftest
configure:8978: $? = 0
configure:8989: result: yes
configure:9002: checking for sys/types.h
configure:9002: gcc -c -fPIC  conftest.c >&5
configure:9002: $? = 0
configure:9002: result: yes
configure:9002: checking for sys/stat.h
configure:9002: gcc -c -fPIC  conftest.c >&5
configure:9002: $? = 0
configure:9002: result: yes
configure:9002: checking for stdlib.h
configure:9002: gcc -c -fPIC  conftest.c >&5
configure:9002: $? = 0
configure:9002: result: yes
configure:9002: checking for string.h
configure:9002: gcc -c -fPIC  conftest.c >&5
configure:9002: $? = 0
configure:9002: result: yes
configure:9002: checking for memory.h
configure:9002: gcc -c -fPIC  conftest.c >&5
configure:9002: $? = 0
configure:9002: result: yes
configure:9002: checking for strings.h
configure:9002: gcc -c -fPIC  conftest.c >&5
configure:9002: $? = 0
configure:9002: result: yes
configure:9002: checking for inttypes.h
configure:9002: gcc -c -fPIC  conftest.c >&5
configure:9002: $? = 0
configure:9002: result: yes
configure:9002: checking for stdint.h
configure:9002: gcc -c -fPIC  conftest.c >&5
configure:9002: $? = 0
configure:9002: result: yes
configure:9002: checking for unistd.h
configure:9002: gcc -c -fPIC  conftest.c >&5
configure:9002: $? = 0
configure:9002: result: yes
configure:9016: checking for dlfcn.h
configure:9016: gcc -c -fPIC  conftest.c >&5
configure:9016: $? = 0
configure:9016: result: yes
configure:9282: checking for objdir
configure:9297: result: .libs
configure:9561: checking if gcc supports -fno-rtti -fno-exceptions
configure:9579: gcc -c -fPIC  -fno-rtti -fno-exceptions conftest.c >&5
configure:9583: $? = 0
configure:9596: result: yes
configure:9954: checking for gcc option to produce PIC
configure:9961: result: -fno-common -DPIC
configure:9969: checking if gcc PIC flag -fno-common -DPIC works
configure:9987: gcc -c -fPIC  -fno-common -DPIC -DPIC conftest.c >&5
configure:9991: $? = 0
configure:10004: result: yes
configure:10033: checking if gcc static flag -static works
configure:10061: result: no
configure:10076: checking if gcc supports -c -o file.o
configure:10097: gcc -c -fPIC  -o out/conftest2.o conftest.c >&5
configure:10101: $? = 0
configure:10123: result: yes
configure:10131: checking if gcc supports -c -o file.o
configure:10178: result: yes
configure:10211: checking whether the gcc linker (/Applications/Xcode.app/Contents/Developer/Toolchains/XcodeDefault.xctoolchain/usr/bin/ld) supports shared libraries
configure:11470: result: yes
configure:11710: checking dynamic linker characteristics
configure:12528: result: darwin19.6.0 dyld
configure:12650: checking how to hardcode library paths into programs
configure:12675: result: immediate
configure:13223: checking whether stripping libraries is possible
configure:13237: result: yes
configure:13263: checking if libtool supports shared libraries
configure:13265: result: yes
configure:13268: checking whether to build shared libraries
configure:13293: result: yes
configure:13296: checking whether to build static libraries
configure:13300: result: yes
configure:13323: checking how to run the C++ preprocessor
configure:13350: g++ -std=c++11 -E  conftest.cpp
configure:13350: $? = 0
configure:13364: g++ -std=c++11 -E  conftest.cpp
conftest.cpp:24:10: fatal error: 'ac_nonexistent.h' file not found
#include <ac_nonexistent.h>
         ^~~~~~~~~~~~~~~~~~
1 error generated.
configure:13364: $? = 1
configure: failed program was:
| /* confdefs.h */
| #define PACKAGE_NAME "PROJ"
| #define PACKAGE_TARNAME "proj"
| #define PACKAGE_VERSION "7.2.1"
| #define PACKAGE_STRING "PROJ 7.2.1"
| #define PACKAGE_BUGREPORT "https://github.com/OSGeo/PROJ/issues"
| #define PACKAGE_URL "https://proj.org"
| #define PACKAGE "proj"
| #define VERSION "7.2.1"
| #define HAVE_CXX11 1
| #define STDC_HEADERS 1
| #define HAVE_SYS_TYPES_H 1
| #define HAVE_SYS_STAT_H 1
| #define HAVE_STDLIB_H 1
| #define HAVE_STRING_H 1
| #define HAVE_MEMORY_H 1
| #define HAVE_STRINGS_H 1
| #define HAVE_INTTYPES_H 1
| #define HAVE_STDINT_H 1
| #define HAVE_UNISTD_H 1
| #define HAVE_DLFCN_H 1
| #define LT_OBJDIR ".libs/"
| /* end confdefs.h.  */
| #include <ac_nonexistent.h>
configure:13389: result: g++ -std=c++11 -E
configure:13409: g++ -std=c++11 -E  conftest.cpp
configure:13409: $? = 0
configure:13423: g++ -std=c++11 -E  conftest.cpp
conftest.cpp:24:10: fatal error: 'ac_nonexistent.h' file not found
#include <ac_nonexistent.h>
         ^~~~~~~~~~~~~~~~~~
1 error generated.
configure:13423: $? = 1
configure: failed program was:
| /* confdefs.h */
| #define PACKAGE_NAME "PROJ"
| #define PACKAGE_TARNAME "proj"
| #define PACKAGE_VERSION "7.2.1"
| #define PACKAGE_STRING "PROJ 7.2.1"
| #define PACKAGE_BUGREPORT "https://github.com/OSGeo/PROJ/issues"
| #define PACKAGE_URL "https://proj.org"
| #define PACKAGE "proj"
| #define VERSION "7.2.1"
| #define HAVE_CXX11 1
| #define STDC_HEADERS 1
| #define HAVE_SYS_TYPES_H 1
| #define HAVE_SYS_STAT_H 1
| #define HAVE_STDLIB_H 1
| #define HAVE_STRING_H 1
| #define HAVE_MEMORY_H 1
| #define HAVE_STRINGS_H 1
| #define HAVE_INTTYPES_H 1
| #define HAVE_STDINT_H 1
| #define HAVE_UNISTD_H 1
| #define HAVE_DLFCN_H 1
| #define LT_OBJDIR ".libs/"
| /* end confdefs.h.  */
| #include <ac_nonexistent.h>
configure:13585: checking for ld used by g++ -std=c++11
configure:13652: result: /Applications/Xcode.app/Contents/Developer/Toolchains/XcodeDefault.xctoolchain/usr/bin/ld
configure:13659: checking if the linker (/Applications/Xcode.app/Contents/Developer/Toolchains/XcodeDefault.xctoolchain/usr/bin/ld) is GNU ld
configure:13674: result: no
configure:13729: checking whether the g++ -std=c++11 linker (/Applications/Xcode.app/Contents/Developer/Toolchains/XcodeDefault.xctoolchain/usr/bin/ld) supports shared libraries
configure:14802: result: yes
configure:14838: g++ -std=c++11 -c -g -O2  conftest.cpp >&5
configure:14841: $? = 0
configure:15322: checking for g++ -std=c++11 option to produce PIC
configure:15329: result: -fno-common -DPIC
configure:15337: checking if g++ -std=c++11 PIC flag -fno-common -DPIC works
configure:15355: g++ -std=c++11 -c -g -O2  -fno-common -DPIC -DPIC conftest.cpp >&5
configure:15359: $? = 0
configure:15372: result: yes
configure:15395: checking if g++ -std=c++11 static flag -static works
configure:15423: result: no
configure:15435: checking if g++ -std=c++11 supports -c -o file.o
configure:15456: g++ -std=c++11 -c -g -O2  -o out/conftest2.o conftest.cpp >&5
configure:15460: $? = 0
configure:15482: result: yes
configure:15487: checking if g++ -std=c++11 supports -c -o file.o
configure:15534: result: yes
configure:15564: checking whether the g++ -std=c++11 linker (/Applications/Xcode.app/Contents/Developer/Toolchains/XcodeDefault.xctoolchain/usr/bin/ld) supports shared libraries
configure:15604: result: yes
configure:15745: checking dynamic linker characteristics
configure:16490: result: darwin19.6.0 dyld
configure:16555: checking how to hardcode library paths into programs
configure:16580: result: immediate
configure:16691: checking for pkg-config
configure:16709: found /usr/local/bin/pkg-config
configure:16721: result: /usr/local/bin/pkg-config
configure:16746: checking pkg-config is at least version 0.9.0
configure:16749: result: yes
configure:16759: checking C_WFLAGS for maximum warnings
configure:16786: gcc -c -fPIC -pedantic -Wdeclaration-after-statement  -Wall -Wdeclaration-after-statement  conftest.c >&5
configure:16786: $? = 0
configure:16800: result: -Wall -Wdeclaration-after-statement
configure:16813: : C_WFLAGS="$C_WFLAGS $ac_cv_cflags_warn_all"
configure:16816: $? = 0
configure:16823: checking CXX_WFLAGS for maximum warnings
configure:16850: g++ -std=c++11 -c -g -O2 -pedantic  -Wall  conftest.cpp >&5
configure:16850: $? = 0
configure:16864: result: -Wall
configure:16877: : CXX_WFLAGS="$CXX_WFLAGS $ac_cv_cxxflags_warn_all"
configure:16880: $? = 0
configure:16888: checking whether C compiler accepts -Werror -we10006
configure:16907: gcc -c -fPIC  -Werror -we10006  conftest.c >&5
clang: error: unknown argument: '-we10006'
configure:16907: $? = 1
configure: failed program was:
| /* confdefs.h */
| #define PACKAGE_NAME "PROJ"
| #define PACKAGE_TARNAME "proj"
| #define PACKAGE_VERSION "7.2.1"
| #define PACKAGE_STRING "PROJ 7.2.1"
| #define PACKAGE_BUGREPORT "https://github.com/OSGeo/PROJ/issues"
| #define PACKAGE_URL "https://proj.org"
| #define PACKAGE "proj"
| #define VERSION "7.2.1"
| #define HAVE_CXX11 1
| #define STDC_HEADERS 1
| #define HAVE_SYS_TYPES_H 1
| #define HAVE_SYS_STAT_H 1
| #define HAVE_STDLIB_H 1
| #define HAVE_STRING_H 1
| #define HAVE_MEMORY_H 1
| #define HAVE_STRINGS_H 1
| #define HAVE_INTTYPES_H 1
| #define HAVE_STDINT_H 1
| #define HAVE_UNISTD_H 1
| #define HAVE_DLFCN_H 1
| #define LT_OBJDIR ".libs/"
| /* end confdefs.h.  */
| 
| int
| main ()
| {
| 
|   ;
|   return 0;
| }
configure:16915: result: no
configure:16925: checking whether C compiler accepts -diag-disable 188,1684,2259,2304,3280,11074,11076
configure:16944: gcc -c -fPIC -Werror -diag-disable 188,1684,2259,2304,3280,11074,11076  conftest.c >&5
clang: error: no such file or directory: '188,1684,2259,2304,3280,11074,11076'
configure:16944: $? = 1
configure: failed program was:
| /* confdefs.h */
| #define PACKAGE_NAME "PROJ"
| #define PACKAGE_TARNAME "proj"
| #define PACKAGE_VERSION "7.2.1"
| #define PACKAGE_STRING "PROJ 7.2.1"
| #define PACKAGE_BUGREPORT "https://github.com/OSGeo/PROJ/issues"
| #define PACKAGE_URL "https://proj.org"
| #define PACKAGE "proj"
| #define VERSION "7.2.1"
| #define HAVE_CXX11 1
| #define STDC_HEADERS 1
| #define HAVE_SYS_TYPES_H 1
| #define HAVE_SYS_STAT_H 1
| #define HAVE_STDLIB_H 1
| #define HAVE_STRING_H 1
| #define HAVE_MEMORY_H 1
| #define HAVE_STRINGS_H 1
| #define HAVE_INTTYPES_H 1
| #define HAVE_STDINT_H 1
| #define HAVE_UNISTD_H 1
| #define HAVE_DLFCN_H 1
| #define LT_OBJDIR ".libs/"
| /* end confdefs.h.  */
| 
| int
| main ()
| {
| 
|   ;
|   return 0;
| }
configure:16953: result: no
configure:16963: checking whether C compiler accepts -Wextra
configure:16982: gcc -c -fPIC -Werror -Wextra  conftest.c >&5
configure:16982: $? = 0
configure:16991: result: yes
configure:17000: checking whether C compiler accepts -Winit-self
configure:17019: gcc -c -fPIC -Werror -Winit-self  conftest.c >&5
configure:17019: $? = 0
configure:17028: result: yes
configure:17037: checking whether C compiler accepts -Wunused-parameter
configure:17056: gcc -c -fPIC -Werror -Wunused-parameter  conftest.c >&5
configure:17056: $? = 0
configure:17065: result: yes
configure:17074: checking whether C compiler accepts -Wmissing-prototypes
configure:17093: gcc -c -fPIC -Werror -Wmissing-prototypes  conftest.c >&5
configure:17093: $? = 0
configure:17102: result: yes
configure:17111: checking whether C compiler accepts -Wmissing-declarations
configure:17130: gcc -c -fPIC -Werror -Wmissing-declarations  conftest.c >&5
configure:17130: $? = 0
configure:17139: result: yes
configure:17148: checking whether C compiler accepts -Wformat
configure:17167: gcc -c -fPIC -Werror -Wformat  conftest.c >&5
configure:17167: $? = 0
configure:17176: result: yes
configure:17185: checking whether C compiler accepts -Wformat -Werror=format-security -Wno-format-nonliteral
configure:17204: gcc -c -fPIC -Werror -Wformat -Werror=format-security -Wno-format-nonliteral  conftest.c >&5
configure:17204: $? = 0
configure:17213: result: yes
configure:17222: checking whether C compiler accepts -Wshorten-64-to-32
configure:17241: gcc -c -fPIC -Werror -Wshorten-64-to-32  conftest.c >&5
configure:17241: $? = 0
configure:17250: result: yes
configure:17259: checking whether C compiler accepts -Wlogical-op
configure:17278: gcc -c -fPIC -Werror -Wlogical-op  conftest.c >&5
error: unknown warning option '-Wlogical-op'; did you mean '-Wlong-long'? [-Werror,-Wunknown-warning-option]
configure:17278: $? = 1
configure: failed program was:
| /* confdefs.h */
| #define PACKAGE_NAME "PROJ"
| #define PACKAGE_TARNAME "proj"
| #define PACKAGE_VERSION "7.2.1"
| #define PACKAGE_STRING "PROJ 7.2.1"
| #define PACKAGE_BUGREPORT "https://github.com/OSGeo/PROJ/issues"
| #define PACKAGE_URL "https://proj.org"
| #define PACKAGE "proj"
| #define VERSION "7.2.1"
| #define HAVE_CXX11 1
| #define STDC_HEADERS 1
| #define HAVE_SYS_TYPES_H 1
| #define HAVE_SYS_STAT_H 1
| #define HAVE_STDLIB_H 1
| #define HAVE_STRING_H 1
| #define HAVE_MEMORY_H 1
| #define HAVE_STRINGS_H 1
| #define HAVE_INTTYPES_H 1
| #define HAVE_STDINT_H 1
| #define HAVE_UNISTD_H 1
| #define HAVE_DLFCN_H 1
| #define LT_OBJDIR ".libs/"
| /* end confdefs.h.  */
| 
| int
| main ()
| {
| 
|   ;
|   return 0;
| }
configure:17287: result: no
configure:17296: checking whether C compiler accepts -Wshadow
configure:17315: gcc -c -fPIC -Werror -Wshadow  conftest.c >&5
configure:17315: $? = 0
configure:17324: result: yes
configure:17334: checking whether C compiler accepts -Werror=vla
configure:17353: gcc -c -fPIC -Werror -Werror=vla  conftest.c >&5
configure:17353: $? = 0
configure:17362: result: yes
configure:17371: checking whether C compiler accepts -Werror=declaration-after-statement
configure:17390: gcc -c -fPIC -Werror -Werror=declaration-after-statement  conftest.c >&5
configure:17390: $? = 0
configure:17399: result: yes
configure:17410: checking whether C compiler accepts -Wdate-time
configure:17429: gcc -c -fPIC -Werror -Wdate-time  conftest.c >&5
configure:17429: $? = 0
configure:17438: result: yes
configure:17448: checking whether C compiler accepts -Wnull-dereference
configure:17467: gcc -c -fPIC -Werror -Wnull-dereference  conftest.c >&5
configure:17467: $? = 0
configure:17476: result: yes
configure:17485: checking whether C compiler accepts -Wduplicated-cond
configure:17504: gcc -c -fPIC -Werror -Wduplicated-cond  conftest.c >&5
error: unknown warning option '-Wduplicated-cond'; did you mean '-Wduplicate-enum'? [-Werror,-Wunknown-warning-option]
configure:17504: $? = 1
configure: failed program was:
| /* confdefs.h */
| #define PACKAGE_NAME "PROJ"
| #define PACKAGE_TARNAME "proj"
| #define PACKAGE_VERSION "7.2.1"
| #define PACKAGE_STRING "PROJ 7.2.1"
| #define PACKAGE_BUGREPORT "https://github.com/OSGeo/PROJ/issues"
| #define PACKAGE_URL "https://proj.org"
| #define PACKAGE "proj"
| #define VERSION "7.2.1"
| #define HAVE_CXX11 1
| #define STDC_HEADERS 1
| #define HAVE_SYS_TYPES_H 1
| #define HAVE_SYS_STAT_H 1
| #define HAVE_STDLIB_H 1
| #define HAVE_STRING_H 1
| #define HAVE_MEMORY_H 1
| #define HAVE_STRINGS_H 1
| #define HAVE_INTTYPES_H 1
| #define HAVE_STDINT_H 1
| #define HAVE_UNISTD_H 1
| #define HAVE_DLFCN_H 1
| #define LT_OBJDIR ".libs/"
| /* end confdefs.h.  */
| 
| int
| main ()
| {
| 
|   ;
|   return 0;
| }
configure:17513: result: no
configure:17530: checking whether C++ compiler accepts -Wextra-semi
configure:17549: g++ -std=c++11 -c -g -O2 -Werror -Wextra-semi  conftest.cpp >&5
configure:17549: $? = 0
configure:17558: result: yes
configure:17574: checking whether C compiler accepts -Wno-sign-compare
configure:17593: gcc -c -fPIC -Werror -Wno-sign-compare  conftest.c >&5
configure:17593: $? = 0
configure:17602: result: yes
configure:17612: checking whether C compiler accepts -Wcomma
configure:17631: gcc -c -fPIC -Werror -Wcomma  conftest.c >&5
configure:17631: $? = 0
configure:17640: result: yes
configure:17650: checking whether C compiler accepts -Wfloat-conversion
configure:17669: gcc -c -fPIC -Werror -Wfloat-conversion  conftest.c >&5
configure:17669: $? = 0
configure:17678: result: yes
configure:17688: checking whether C compiler accepts -Wdocumentation -Wno-documentation-deprecated-sync
configure:17707: gcc -c -fPIC -Werror -Wdocumentation -Wno-documentation-deprecated-sync  conftest.c >&5
configure:17707: $? = 0
configure:17716: result: yes
configure:17733: checking whether C++ compiler accepts -Wunused-private-field
configure:17752: g++ -std=c++11 -c -g -O2 -Werror -Wunused-private-field  conftest.cpp >&5
configure:17752: $? = 0
configure:17761: result: yes
configure:17770: checking whether C++ compiler accepts -Wmissing-declarations
configure:17789: g++ -std=c++11 -c -g -O2 -Werror -Wmissing-declarations  conftest.cpp >&5
configure:17789: $? = 0
configure:17798: result: yes
configure:17807: checking whether C++ compiler accepts -Wnon-virtual-dtor
configure:17826: g++ -std=c++11 -c -g -O2 -Werror -Wnon-virtual-dtor  conftest.cpp >&5
configure:17826: $? = 0
configure:17835: result: yes
configure:17844: checking whether C++ compiler accepts -Wold-style-cast
configure:17863: g++ -std=c++11 -c -g -O2 -Werror -Wold-style-cast  conftest.cpp >&5
configure:17863: $? = 0
configure:17872: result: yes
configure:17881: checking whether C++ compiler accepts -Weffc++
configure:17900: g++ -std=c++11 -c -g -O2 -Werror -Weffc++  conftest.cpp >&5
configure:17900: $? = 0
configure:17909: result: yes
configure:17921: checking if -Weffc++ should be enabled
configure:17937: g++ -std=c++11 -c -g -O2 -Weffc++ -Werror  conftest.cpp >&5
configure:17937: $? = 0
configure:17938: result: yes
configure:17951: checking whether C++ compiler accepts -Woverloaded-virtual
configure:17970: g++ -std=c++11 -c -g -O2 -Werror -Woverloaded-virtual  conftest.cpp >&5
configure:17970: $? = 0
configure:17979: result: yes
configure:17989: checking whether C++ compiler accepts -Wweak-vtables
configure:18008: g++ -std=c++11 -c -g -O2 -Werror -Wweak-vtables  conftest.cpp >&5
configure:18008: $? = 0
configure:18017: result: yes
configure:18026: checking whether C++ compiler accepts -Wdeprecated
configure:18045: g++ -std=c++11 -c -g -O2 -Werror -Wdeprecated  conftest.cpp >&5
configure:18045: $? = 0
configure:18054: result: yes
configure:18063: checking whether C++ compiler accepts -Wabstract-vbase-init
configure:18082: g++ -std=c++11 -c -g -O2 -Werror -Wabstract-vbase-init  conftest.cpp >&5
configure:18082: $? = 0
configure:18091: result: yes
configure:18100: checking whether C++ compiler accepts -Winconsistent-missing-destructor-override
configure:18119: g++ -std=c++11 -c -g -O2 -Werror -Winconsistent-missing-destructor-override  conftest.cpp >&5
configure:18119: $? = 0
configure:18128: result: yes
configure:18139: checking whether C++ compiler accepts -Wzero-as-null-pointer-constant
configure:18158: g++ -std=c++11 -c -g -O2 -Werror -Wzero-as-null-pointer-constant  conftest.cpp >&5
configure:18158: $? = 0
configure:18167: result: yes
configure:18190: checking to enable LTO (link time optimization) build
configure:18316: result: no
configure:18344: checking for exp in -lm
configure:18369: gcc -o conftest -fPIC -fvisibility=hidden -DNOMINMAX   conftest.c -lm   >&5
conftest.c:32:6: warning: incompatible redeclaration of library function 'exp' [-Wincompatible-library-redeclaration]
char exp ();
     ^
conftest.c:32:6: note: 'exp' is a builtin with type 'double (double)'
1 warning generated.
configure:18369: $? = 0
configure:18378: result: yes
configure:18391: checking for ANSI C header files
configure:18495: result: yes
configure:18504: checking whether C compiler accepts -fp-model precise
configure:18523: gcc -c -fPIC -fvisibility=hidden -DNOMINMAX -Werror -fp-model precise  conftest.c >&5
clang: error: unknown argument: '-fp-model'
clang: error: no such file or directory: 'precise'
configure:18523: $? = 1
configure: failed program was:
| /* confdefs.h */
| #define PACKAGE_NAME "PROJ"
| #define PACKAGE_TARNAME "proj"
| #define PACKAGE_VERSION "7.2.1"
| #define PACKAGE_STRING "PROJ 7.2.1"
| #define PACKAGE_BUGREPORT "https://github.com/OSGeo/PROJ/issues"
| #define PACKAGE_URL "https://proj.org"
| #define PACKAGE "proj"
| #define VERSION "7.2.1"
| #define HAVE_CXX11 1
| #define STDC_HEADERS 1
| #define HAVE_SYS_TYPES_H 1
| #define HAVE_SYS_STAT_H 1
| #define HAVE_STDLIB_H 1
| #define HAVE_STRING_H 1
| #define HAVE_MEMORY_H 1
| #define HAVE_STRINGS_H 1
| #define HAVE_INTTYPES_H 1
| #define HAVE_STDINT_H 1
| #define HAVE_UNISTD_H 1
| #define HAVE_DLFCN_H 1
| #define LT_OBJDIR ".libs/"
| #define HAVE_GCC_WARNING_ZERO_AS_NULL_POINTER_CONSTANT 1
| #define HAVE_LIBM 1
| #define STDC_HEADERS 1
| /* end confdefs.h.  */
| 
| int
| main ()
| {
| 
|   ;
|   return 0;
| }
configure:18531: result: no
configure:18540: checking for library containing sqrt
configure:18571: gcc -o conftest -fPIC -fvisibility=hidden -DNOMINMAX   conftest.c -lm  >&5
conftest.c:34:6: warning: incompatible redeclaration of library function 'sqrt' [-Wincompatible-library-redeclaration]
char sqrt ();
     ^
conftest.c:34:6: note: 'sqrt' is a builtin with type 'double (double)'
1 warning generated.
configure:18571: $? = 0
configure:18588: result: none required
configure:18597: checking for localeconv
configure:18597: gcc -o conftest -fPIC -fvisibility=hidden -DNOMINMAX   conftest.c -lm  >&5
configure:18597: $? = 0
configure:18597: result: yes
configure:18606: checking for strerror
configure:18606: gcc -o conftest -fPIC -fvisibility=hidden -DNOMINMAX   conftest.c -lm  >&5
conftest.c:51:6: warning: incompatible redeclaration of library function 'strerror' [-Wincompatible-library-redeclaration]
char strerror ();
     ^
conftest.c:51:6: note: 'strerror' is a builtin with type 'char *(int)'
1 warning generated.
configure:18606: $? = 0
configure:18606: result: yes
configure:18615: checking for dladdr in -ldl
configure:18640: gcc -o conftest -fPIC -fvisibility=hidden -DNOMINMAX   conftest.c -ldl  -lm  >&5
configure:18640: $? = 0
configure:18649: result: yes
configure:18669: checking for mutexes
configure:18674: checking for pthread_create in -lpthread
configure:18699: gcc -o conftest -fPIC -fvisibility=hidden -DNOMINMAX   conftest.c -lpthread  -ldl -lm  >&5
configure:18699: $? = 0
configure:18708: result: yes
configure:18717: checking for pthread_mutexattr_settype in -lpthread
configure:18742: gcc -o conftest -fPIC -fvisibility=hidden -DNOMINMAX   conftest.c -lpthread  -ldl -lm  >&5
configure:18742: $? = 0
configure:18751: result: yes
configure:18762: checking whether PTHREAD_MUTEX_RECURSIVE is declared
configure:18762: gcc -c -fPIC -fvisibility=hidden -DNOMINMAX  conftest.c >&5
configure:18762: $? = 0
configure:18762: result: yes
configure:18770: result: enabled, pthread
configure:18789: checking for SQLITE3
configure:18797: $PKG_CONFIG --exists --print-errors "sqlite3 >= 3.11"
configure:18800: $? = 0
configure:18815: $PKG_CONFIG --exists --print-errors "sqlite3 >= 3.11"
configure:18818: $? = 0
configure:18873: result: yes
configure:18885: checking for sqlite3
configure:18901: found /usr/bin/sqlite3
configure:18912: result: yes
configure:19147: checking for curl-config
configure:19165: found /usr/bin/curl-config
configure:19178: result: /usr/bin/curl-config
configure:19195: result:         found libcurl version 7.64.1
configure:19198: checking for curl_global_init in -lcurl
configure:19223: gcc -o conftest -fPIC -fvisibility=hidden -DNOMINMAX   conftest.c -lcurl -lcurl -lpthread -ldl -lm  >&5
configure:19223: $? = 0
configure:19232: result: yes
configure:19369: result: using internal GTest.
configure:19506: checking that generated files are newer than configure
configure:19512: result: done
configure:19547: creating ./config.status

## ---------------------- ##
## Running config.status. ##
## ---------------------- ##

This file was extended by PROJ config.status 7.2.1, which was
generated by GNU Autoconf 2.69.  Invocation command line was

  CONFIG_FILES    = 
  CONFIG_HEADERS  = 
  CONFIG_LINKS    = 
  CONFIG_COMMANDS = 
  $ ./config.status 

on Mikes-Mac-mini

config.status:1203: creating Makefile
config.status:1203: creating cmake/Makefile
config.status:1203: creating src/Makefile
config.status:1203: creating include/Makefile
config.status:1203: creating include/proj/Makefile
config.status:1203: creating include/proj/internal/Makefile
config.status:1203: creating include/proj/internal/nlohmann/Makefile
config.status:1203: creating test/Makefile
config.status:1203: creating test/cli/Makefile
config.status:1203: creating test/gie/Makefile
config.status:1203: creating test/gigs/Makefile
config.status:1203: creating test/unit/Makefile
config.status:1203: creating man/Makefile
config.status:1203: creating man/man1/Makefile
config.status:1203: creating data/Makefile
config.status:1203: creating test/googletest/Makefile
config.status:1203: creating test/googletest/include/Makefile
config.status:1203: creating test/googletest/include/gtest/Makefile
config.status:1203: creating test/googletest/include/gtest/internal/Makefile
config.status:1203: creating test/googletest/include/gtest/internal/custom/Makefile
config.status:1203: creating test/googletest/src/Makefile
config.status:1203: creating proj.pc
config.status:1203: creating src/proj_config.h
config.status:1432: executing depfiles commands
config.status:1509: cd src       && sed -e '/# am--include-marker/d' Makefile         | make -f - am--depfiles
config.status:1514: $? = 0
config.status:1509: cd test/unit       && sed -e '/# am--include-marker/d' Makefile         | make -f - am--depfiles
config.status:1514: $? = 0
config.status:1509: cd test/googletest       && sed -e '/# am--include-marker/d' Makefile         | make -f - am--depfiles
config.status:1514: $? = 0
config.status:1432: executing libtool commands

## ---------------- ##
## Cache variables. ##
## ---------------- ##

ac_cv_build=x86_64-apple-darwin19.6.0
ac_cv_c_compiler_gnu=yes
ac_cv_cflags_warn_all='-Wall -Wdeclaration-after-statement'
ac_cv_cxx_compiler_gnu=yes
ac_cv_cxxflags_warn_all=-Wall
ac_cv_env_CCC_set=
ac_cv_env_CCC_value=
ac_cv_env_CC_set=
ac_cv_env_CC_value=
ac_cv_env_CFLAGS_set=set
ac_cv_env_CFLAGS_value=-fPIC
ac_cv_env_CPPFLAGS_set=
ac_cv_env_CPPFLAGS_value=
ac_cv_env_CPP_set=
ac_cv_env_CPP_value=
ac_cv_env_CXXCPP_set=
ac_cv_env_CXXCPP_value=
ac_cv_env_CXXFLAGS_set=
ac_cv_env_CXXFLAGS_value=
ac_cv_env_CXX_set=
ac_cv_env_CXX_value=
ac_cv_env_GTEST_CFLAGS_set=
ac_cv_env_GTEST_CFLAGS_value=
ac_cv_env_GTEST_LIBS_set=
ac_cv_env_GTEST_LIBS_value=
ac_cv_env_LDFLAGS_set=
ac_cv_env_LDFLAGS_value=
ac_cv_env_LIBS_set=
ac_cv_env_LIBS_value=
ac_cv_env_LT_SYS_LIBRARY_PATH_set=
ac_cv_env_LT_SYS_LIBRARY_PATH_value=
ac_cv_env_PKG_CONFIG_set=
ac_cv_env_PKG_CONFIG_value=
ac_cv_env_SQLITE3_CFLAGS_set=
ac_cv_env_SQLITE3_CFLAGS_value=
ac_cv_env_SQLITE3_LIBS_set=
ac_cv_env_SQLITE3_LIBS_value=
ac_cv_env_TIFF_CFLAGS_set=
ac_cv_env_TIFF_CFLAGS_value=
ac_cv_env_TIFF_LIBS_set=
ac_cv_env_TIFF_LIBS_value=
ac_cv_env_build_alias_set=
ac_cv_env_build_alias_value=
ac_cv_env_host_alias_set=
ac_cv_env_host_alias_value=
ac_cv_env_target_alias_set=
ac_cv_env_target_alias_value=
ac_cv_func_localeconv=yes
ac_cv_func_strerror=yes
ac_cv_have_decl_PTHREAD_MUTEX_RECURSIVE=yes
ac_cv_header_dlfcn_h=yes
ac_cv_header_inttypes_h=yes
ac_cv_header_memory_h=yes
ac_cv_header_stdc=yes
ac_cv_header_stdint_h=yes
ac_cv_header_stdlib_h=yes
ac_cv_header_string_h=yes
ac_cv_header_strings_h=yes
ac_cv_header_sys_stat_h=yes
ac_cv_header_sys_types_h=yes
ac_cv_header_unistd_h=yes
ac_cv_host=x86_64-apple-darwin19.6.0
ac_cv_lib_curl_curl_global_init=yes
ac_cv_lib_dl_dladdr=yes
ac_cv_lib_m_exp=yes
ac_cv_lib_pthread_pthread_create=yes
ac_cv_lib_pthread_pthread_mutexattr_settype=yes
ac_cv_objext=o
ac_cv_path_EGREP='/usr/bin/grep -E'
ac_cv_path_FGREP='/usr/bin/grep -F'
ac_cv_path_GREP=/usr/bin/grep
ac_cv_path_LIBCURL_CONFIG=/usr/bin/curl-config
ac_cv_path_SED=/usr/bin/sed
ac_cv_path_ac_pt_PKG_CONFIG=/usr/local/bin/pkg-config
ac_cv_path_install='/usr/bin/install -c'
ac_cv_path_lt_DD=/bin/dd
ac_cv_prog_AWK=awk
ac_cv_prog_CPP='gcc -E'
ac_cv_prog_CXXCPP='g++ -std=c++11 -E'
ac_cv_prog_SQLITE3_CHECK=yes
ac_cv_prog_ac_ct_AR=ar
ac_cv_prog_ac_ct_CC=gcc
ac_cv_prog_ac_ct_CXX=g++
ac_cv_prog_ac_ct_DSYMUTIL=dsymutil
ac_cv_prog_ac_ct_LIPO=lipo
ac_cv_prog_ac_ct_NMEDIT=nmedit
ac_cv_prog_ac_ct_OBJDUMP=objdump
ac_cv_prog_ac_ct_OTOOL=otool
ac_cv_prog_ac_ct_RANLIB=ranlib
ac_cv_prog_ac_ct_STRIP=strip
ac_cv_prog_cc_c89=
ac_cv_prog_cc_c99=
ac_cv_prog_cc_g=yes
ac_cv_prog_cxx_g=yes
ac_cv_prog_make_make_set=yes
ac_cv_search_sqrt='none required'
am_cv_CC_dependencies_compiler_type=gcc3
am_cv_CXX_dependencies_compiler_type=gcc3
am_cv_make_support_nested_variables=yes
am_cv_prog_cc_c_o=yes
ax_cv_check_cflags__Wcomma=yes
ax_cv_check_cflags__Wdate_time=yes
ax_cv_check_cflags__Wdocumentation__Wno_documentation_deprecated_sync=yes
ax_cv_check_cflags__Wduplicated_cond=no
ax_cv_check_cflags__Werror__fp_model_precise=no
ax_cv_check_cflags__Werror_declaration_after_statement=yes
ax_cv_check_cflags__Werror_vla=yes
ax_cv_check_cflags__Wextra=yes
ax_cv_check_cflags__Wfloat_conversion=yes
ax_cv_check_cflags__Wformat=yes
ax_cv_check_cflags__Wformat__Werror_format_security__Wno_format_nonliteral=yes
ax_cv_check_cflags__Winit_self=yes
ax_cv_check_cflags__Wlogical_op=no
ax_cv_check_cflags__Wmissing_declarations=yes
ax_cv_check_cflags__Wmissing_prototypes=yes
ax_cv_check_cflags__Wno_sign_compare=yes
ax_cv_check_cflags__Wnull_dereference=yes
ax_cv_check_cflags__Wshadow=yes
ax_cv_check_cflags__Wshorten_64_to_32=yes
ax_cv_check_cflags__Wunused_parameter=yes
ax_cv_check_cflags___Werror__we10006=no
ax_cv_check_cflags__diag_disable_188_1684_2259_2304_3280_11074_11076=no
ax_cv_check_cxxflags__Wabstract_vbase_init=yes
ax_cv_check_cxxflags__Wdeprecated=yes
ax_cv_check_cxxflags__Weffcpp=yes
ax_cv_check_cxxflags__Wextra_semi=yes
ax_cv_check_cxxflags__Winconsistent_missing_destructor_override=yes
ax_cv_check_cxxflags__Wmissing_declarations=yes
ax_cv_check_cxxflags__Wnon_virtual_dtor=yes
ax_cv_check_cxxflags__Wold_style_cast=yes
ax_cv_check_cxxflags__Woverloaded_virtual=yes
ax_cv_check_cxxflags__Wunused_private_field=yes
ax_cv_check_cxxflags__Wweak_vtables=yes
ax_cv_check_cxxflags__Wzero_as_null_pointer_constant=yes
ax_cv_cxx_compile_cxx11=no
ax_cv_cxx_compile_cxx11__std_cpp11=yes
lt_cv_apple_cc_single_mod=yes
lt_cv_ar_at_file=no
lt_cv_deplibs_check_method=pass_all
lt_cv_file_magic_cmd='$MAGIC_CMD'
lt_cv_file_magic_test_file=
lt_cv_ld_exported_symbols_list=yes
lt_cv_ld_force_load=yes
lt_cv_ld_reload_flag=-r
lt_cv_nm_interface='BSD nm'
lt_cv_objdir=.libs
lt_cv_path_LD=/Applications/Xcode.app/Contents/Developer/Toolchains/XcodeDefault.xctoolchain/usr/bin/ld
lt_cv_path_LDCXX=/Applications/Xcode.app/Contents/Developer/Toolchains/XcodeDefault.xctoolchain/usr/bin/ld
lt_cv_path_NM='/usr/bin/nm -B'
lt_cv_path_mainfest_tool=no
lt_cv_prog_compiler_c_o=yes
lt_cv_prog_compiler_c_o_CXX=yes
lt_cv_prog_compiler_pic='-fno-common -DPIC'
lt_cv_prog_compiler_pic_CXX='-fno-common -DPIC'
lt_cv_prog_compiler_pic_works=yes
lt_cv_prog_compiler_pic_works_CXX=yes
lt_cv_prog_compiler_rtti_exceptions=yes
lt_cv_prog_compiler_static_works=no
lt_cv_prog_compiler_static_works_CXX=no
lt_cv_prog_gnu_ld=no
lt_cv_prog_gnu_ldcxx=no
lt_cv_sharedlib_from_linklib_cmd='printf %s\n'
lt_cv_sys_global_symbol_pipe='sed -n -e '\''s/^.*[	 ]\([BCDEGRST][BCDEGRST]*\)[	 ][	 ]*_\([_A-Za-z][_A-Za-z0-9]*\)$/\1 _\2 \2/p'\'' | sed '\''/ __gnu_lto/d'\'''
lt_cv_sys_global_symbol_to_c_name_address='sed -n -e '\''s/^: \(.*\) .*$/  {"\1", (void *) 0},/p'\'' -e '\''s/^[BCDEGRST][BCDEGRST]* .* \(.*\)$/  {"\1", (void *) \&\1},/p'\'''
lt_cv_sys_global_symbol_to_c_name_address_lib_prefix='sed -n -e '\''s/^: \(.*\) .*$/  {"\1", (void *) 0},/p'\'' -e '\''s/^[BCDEGRST][BCDEGRST]* .* \(lib.*\)$/  {"\1", (void *) \&\1},/p'\'' -e '\''s/^[BCDEGRST][BCDEGRST]* .* \(.*\)$/  {"lib\1", (void *) \&\1},/p'\'''
lt_cv_sys_global_symbol_to_cdecl='sed -n -e '\''s/^T .* \(.*\)$/extern int \1();/p'\'' -e '\''s/^[BCDEGRST][BCDEGRST]* .* \(.*\)$/extern char \1;/p'\'''
lt_cv_sys_global_symbol_to_import=
lt_cv_sys_max_cmd_len=196608
lt_cv_to_host_file_cmd=func_convert_file_noop
lt_cv_to_tool_file_cmd=func_convert_file_noop
lt_cv_truncate_bin='/bin/dd bs=4096 count=1'
pkg_cv_SQLITE3_CFLAGS=
pkg_cv_SQLITE3_LIBS=-lsqlite3

## ----------------- ##
## Output variables. ##
## ----------------- ##

ACLOCAL='${SHELL} '\''/Users/mikerossiter/Documents/github/photolayer_pi-opengl/libs/libgeotiff/proj-7.2.1/missing'\'' aclocal-1.16'
AMDEPBACKSLASH='\'
AMDEP_FALSE='#'
AMDEP_TRUE=''
AMTAR='$${TAR-tar}'
AM_BACKSLASH='\'
AM_DEFAULT_V='$(AM_DEFAULT_VERBOSITY)'
AM_DEFAULT_VERBOSITY='1'
AM_V='$(V)'
AR='ar'
AUTOCONF='${SHELL} '\''/Users/mikerossiter/Documents/github/photolayer_pi-opengl/libs/libgeotiff/proj-7.2.1/missing'\'' autoconf'
AUTOHEADER='${SHELL} '\''/Users/mikerossiter/Documents/github/photolayer_pi-opengl/libs/libgeotiff/proj-7.2.1/missing'\'' autoheader'
AUTOMAKE='${SHELL} '\''/Users/mikerossiter/Documents/github/photolayer_pi-opengl/libs/libgeotiff/proj-7.2.1/missing'\'' automake-1.16'
AWK='awk'
CC='gcc'
CCDEPMODE='depmode=gcc3'
CFLAGS='-fPIC -fvisibility=hidden -DNOMINMAX'
CPP='gcc -E'
CPPFLAGS=''
CURL_CFLAGS=''
CURL_ENABLED_FLAGS='-DCURL_ENABLED'
CURL_LIBS='-lcurl'
CXX='g++ -std=c++11'
CXXCPP='g++ -std=c++11 -E'
CXXDEPMODE='depmode=gcc3'
CXXFLAGS='-g -O2 -fvisibility=hidden -DNOMINMAX'
CXX_WFLAGS=' -Wall -Wextra -Winit-self -Wunused-parameter -Wformat -Werror=format-security -Wno-format-nonliteral -Wshorten-64-to-32 -Wshadow -Werror=vla -Wdate-time -Wnull-dereference -Wextra-semi -Wcomma -Wfloat-conversion -Wdocumentation -Wno-documentation-deprecated-sync -Wunused-private-field -Wmissing-declarations -Wnon-virtual-dtor -Weffc++ -Woverloaded-virtual -Wweak-vtables -Wdeprecated -Wabstract-vbase-init -Winconsistent-missing-destructor-override -Wzero-as-null-pointer-constant'
CYGPATH_W='echo'
C_WFLAGS=' -Wall -Wdeclaration-after-statement -Wextra -Winit-self -Wunused-parameter -Wmissing-prototypes -Wmissing-declarations -Wformat -Werror=format-security -Wno-format-nonliteral -Wshorten-64-to-32 -Wshadow -Werror=vla -Wdeclaration-after-statement -Wdate-time -Wnull-dereference -Wcomma -Wfloat-conversion -Wdocumentation -Wno-documentation-deprecated-sync'
DEFS='-DHAVE_CONFIG_H'
DEPDIR='.deps'
DLLTOOL='false'
DSYMUTIL='dsymutil'
DUMPBIN=''
ECHO_C='\c'
ECHO_N=''
ECHO_T=''
EGREP='/usr/bin/grep -E'
EXEEXT=''
FGREP='/usr/bin/grep -F'
FLTO_FLAG=''
GREP='/usr/bin/grep'
GTEST_CFLAGS='-I$(top_srcdir)/test/googletest/include'
GTEST_LIBS='$(top_builddir)/test/googletest/libgtest.la'
HAVE_CURL_FALSE='#'
HAVE_CURL_TRUE=''
HAVE_CXX11='1'
INSTALL_DATA='${INSTALL} -m 644'
INSTALL_PROGRAM='${INSTALL}'
INSTALL_SCRIPT='${INSTALL}'
INSTALL_STRIP_PROGRAM='$(install_sh) -c -s'
LD='/Applications/Xcode.app/Contents/Developer/Toolchains/XcodeDefault.xctoolchain/usr/bin/ld'
LDFLAGS=''
LIBCURL_CONFIG='/usr/bin/curl-config'
LIBOBJS=''
LIBS='-lpthread -ldl -lm '
LIBTOOL='$(SHELL) $(top_builddir)/libtool'
LIPO='lipo'
LN_S='ln -s'
LTLIBOBJS=''
LT_SYS_LIBRARY_PATH=''
MAKEINFO='${SHELL} '\''/Users/mikerossiter/Documents/github/photolayer_pi-opengl/libs/libgeotiff/proj-7.2.1/missing'\'' makeinfo'
MANIFEST_TOOL=':'
MKDIR_P='./install-sh -c -d'
MUTEX_SETTING='pthread'
NM='/usr/bin/nm -B'
NMEDIT='nmedit'
NO_ZERO_AS_NULL_POINTER_CONSTANT_FLAG='-Wno-zero-as-null-pointer-constant'
OBJDUMP='objdump'
OBJEXT='o'
OTOOL64=':'
OTOOL='otool'
PACKAGE='proj'
PACKAGE_BUGREPORT='https://github.com/OSGeo/PROJ/issues'
PACKAGE_NAME='PROJ'
PACKAGE_STRING='PROJ 7.2.1'
PACKAGE_TARNAME='proj'
PACKAGE_URL='https://proj.org'
PACKAGE_VERSION='7.2.1'
PATH_SEPARATOR=':'
PKG_CONFIG='/usr/local/bin/pkg-config'
RANLIB='ranlib'
SED='/usr/bin/sed'
SET_MAKE=''
SHELL='/bin/sh'
SQLITE3_CFLAGS=''
SQLITE3_CHECK='yes'
SQLITE3_LIBS='-lsqlite3'
STRIP='strip'
THREAD_LIB='-lpthread'
TIFF_CFLAGS=''
TIFF_ENABLED_FLAGS=''
TIFF_LIBS=''
USE_EXTERNAL_GTEST_FALSE=''
USE_EXTERNAL_GTEST_TRUE='#'
VERSION='7.2.1'
ac_ct_AR='ar'
ac_ct_CC='gcc'
ac_ct_CXX='g++'
ac_ct_DUMPBIN=''
am__EXEEXT_FALSE=''
am__EXEEXT_TRUE='#'
am__fastdepCC_FALSE='#'
am__fastdepCC_TRUE=''
am__fastdepCXX_FALSE='#'
am__fastdepCXX_TRUE=''
am__include='include'
am__isrc=''
am__leading_dot='.'
am__nodep='_no'
am__quote=''
am__tar='$${TAR-tar} chof - "$$tardir"'
am__untar='$${TAR-tar} xf -'
bindir='${exec_prefix}/bin'
build='x86_64-apple-darwin19.6.0'
build_alias=''
build_cpu='x86_64'
build_os='darwin19.6.0'
build_vendor='apple'
datadir='${datarootdir}'
datarootdir='${prefix}/share'
docdir='${datarootdir}/doc/${PACKAGE_TARNAME}'
dvidir='${docdir}'
exec_prefix='${prefix}'
host='x86_64-apple-darwin19.6.0'
host_alias=''
host_cpu='x86_64'
host_os='darwin19.6.0'
host_vendor='apple'
htmldir='${docdir}'
includedir='${prefix}/include'
infodir='${datarootdir}/info'
install_sh='${SHELL} /Users/mikerossiter/Documents/github/photolayer_pi-opengl/libs/libgeotiff/proj-7.2.1/install-sh'
libdir='${exec_prefix}/lib'
libexecdir='${exec_prefix}/libexec'
localedir='${datarootdir}/locale'
localstatedir='${prefix}/var'
mandir='${datarootdir}/man'
mkdir_p='$(MKDIR_P)'
oldincludedir='/usr/include'
pdfdir='${docdir}'
prefix='/usr/local'
program_transform_name='s,x,x,'
psdir='${docdir}'
sbindir='${exec_prefix}/sbin'
sharedstatedir='${prefix}/com'
sysconfdir='${prefix}/etc'
target_alias=''

## ----------- ##
## confdefs.h. ##
## ----------- ##

/* confdefs.h */
#define PACKAGE_NAME "PROJ"
#define PACKAGE_TARNAME "proj"
#define PACKAGE_VERSION "7.2.1"
#define PACKAGE_STRING "PROJ 7.2.1"
#define PACKAGE_BUGREPORT "https://github.com/OSGeo/PROJ/issues"
#define PACKAGE_URL "https://proj.org"
#define PACKAGE "proj"
#define VERSION "7.2.1"
#define HAVE_CXX11 1
#define STDC_HEADERS 1
#define HAVE_SYS_TYPES_H 1
#define HAVE_SYS_STAT_H 1
#define HAVE_STDLIB_H 1
#define HAVE_STRING_H 1
#define HAVE_MEMORY_H 1
#define HAVE_STRINGS_H 1
#define HAVE_INTTYPES_H 1
#define HAVE_STDINT_H 1
#define HAVE_UNISTD_H 1
#define HAVE_DLFCN_H 1
#define LT_OBJDIR ".libs/"
#define HAVE_GCC_WARNING_ZERO_AS_NULL_POINTER_CONSTANT 1
#define HAVE_LIBM 1
#define STDC_HEADERS 1
#define HAVE_LOCALECONV 1
#define HAVE_STRERROR 1
#define HAVE_LIBDL 1
#define HAVE_LIBPTHREAD 1
#define HAVE_PTHREAD_MUTEX_RECURSIVE /**/

configure: exit 0
